<?xml version="1.0" encoding="utf-8"?>
<coverage line-rate="0.9000" branch-rate="0" version="1.9" timestamp="1784805206" lines-covered="9" lines-valid="10" branches-covered="0" branches-valid="0">
  <sources>
    <source>./src/</source>
  </sources>
  <packages>
    <package name="Demo" line-rate="0.9000" branch-rate="0" complexity="1">
      <classes>
        <class name="Demo.well-tested" filename="src/well-tested.cs" line-rate="0.9000" branch-rate="0" complexity="1">
          <methods />
          <lines>
            <line number="1" hits="1" branch="False" />
            <line number="2" hits="1" branch="False" />
            <line number="3" hits="1" branch="False" />
            <line number="4" hits="1" branch="False" />
            <line number="5" hits="1" branch="False" />
            <line number="6" hits="1" branch="False" />
            <line number="7" hits="1" branch="False" />
            <line number="8" hits="1" branch="False" />
            <line number="9" hits="1" branch="False" />
            <line number="10" hits="0" branch="False" />
          </lines>
        </class>
      </classes>
    </package>
  </packages>
</coverage>
