<?xml version="1.0" encoding="utf-8"?>
<TestRun id="699283ad-0d2d-4dce-b5fa-b8a65b2785c4" name="dungtt3@TMS-DUNGTT3 2026-07-23 18:06:26" runUser="BA\dungtt3" xmlns="http://microsoft.com/schemas/VisualStudio/TeamTest/2010">
  <Times creation="2026-07-23T18:06:26.1240947+07:00" queuing="2026-07-23T18:06:26.1240950+07:00" start="2026-07-23T18:06:24.0222272+07:00" finish="2026-07-23T18:06:26.1309045+07:00" />
  <TestSettings name="default" id="e4dc7af0-6a57-48de-9578-c5525a7ede1f">
    <Deployment runDeploymentRoot="dungtt3_TMS-DUNGTT3_2026-07-23_18_06_26" />
  </TestSettings>
  <Results>
    <UnitTestResult executionId="5965a8bc-abee-4e60-a781-fe9e63e749c3" testId="15b430b4-f381-7d21-2b50-fe9f80e483c2" testName="FixtureTests.CalculatorTests.Divide_ByZero_IsGuarded" computerName="TMS-DUNGTT3" duration="00:00:00.1347520" startTime="2026-07-23T18:06:25.8726836+07:00" endTime="2026-07-23T18:06:26.0113848+07:00" testType="13cdc9d9-ddb5-4fa4-a97d-d965ccfc6d4b" outcome="Failed" testListId="8c84fa94-04c1-424b-9868-57a2d4851a1d" relativeResultsDirectory="5965a8bc-abee-4e60-a781-fe9e63e749c3">
      <Output>
        <ErrorInfo>
          <Message>Assert.Equal() Failure: Values differ&#xD;
Expected: 3&#xD;
Actual:   4</Message>
          <StackTrace>   at FixtureTests.CalculatorTests.Divide_ByZero_IsGuarded() in C:\Users\dungtt3\AppData\Local\Temp\eaap-fixtures\trx\FixtureTests\UnitTest1.cs:line 9&#xD;
   at System.Reflection.MethodBaseInvoker.InterpretedInvoke_Method(Object obj, IntPtr* args)&#xD;
   at System.Reflection.MethodBaseInvoker.InvokeWithNoArgs(Object obj, BindingFlags invokeAttr)</StackTrace>
        </ErrorInfo>
      </Output>
    </UnitTestResult>
    <UnitTestResult executionId="57800fcc-e911-4b05-9bea-a8529a331cca" testId="939188f0-7b10-431a-5818-316f6dd9f9b8" testName="FixtureTests.CalculatorTests.Round_HalfAwayFromZero" computerName="TMS-DUNGTT3" duration="00:00:00.0010000" startTime="2026-07-23T18:06:25.8576474+07:00" endTime="2026-07-23T18:06:25.8594640+07:00" testType="13cdc9d9-ddb5-4fa4-a97d-d965ccfc6d4b" outcome="NotExecuted" testListId="8c84fa94-04c1-424b-9868-57a2d4851a1d" relativeResultsDirectory="57800fcc-e911-4b05-9bea-a8529a331cca">
      <Output>
        <ErrorInfo>
          <Message>pending decision on rounding mode</Message>
        </ErrorInfo>
      </Output>
    </UnitTestResult>
    <UnitTestResult executionId="b50da54c-f0f6-4d84-8795-66ce9dbb0764" testId="dbe9c683-9df5-5d90-dd3f-5d5816c84509" testName="FixtureTests.CalculatorTests.Add_ReturnsSum" computerName="TMS-DUNGTT3" duration="00:00:00.0012205" startTime="2026-07-23T18:06:26.0176930+07:00" endTime="2026-07-23T18:06:26.0179662+07:00" testType="13cdc9d9-ddb5-4fa4-a97d-d965ccfc6d4b" outcome="Passed" testListId="8c84fa94-04c1-424b-9868-57a2d4851a1d" relativeResultsDirectory="b50da54c-f0f6-4d84-8795-66ce9dbb0764" />
  </Results>
  <TestDefinitions>
    <UnitTest name="FixtureTests.CalculatorTests.Divide_ByZero_IsGuarded" storage="c:\users\dungtt3\appdata\local\temp\eaap-fixtures\trx\fixturetests\bin\debug\net10.0\fixturetests.dll" id="15b430b4-f381-7d21-2b50-fe9f80e483c2">
      <Execution id="5965a8bc-abee-4e60-a781-fe9e63e749c3" />
      <TestMethod codeBase="C:\Users\dungtt3\AppData\Local\Temp\eaap-fixtures\trx\FixtureTests\bin\Debug\net10.0\FixtureTests.dll" adapterTypeName="executor://xunit/VsTestRunner3/netcore/" className="FixtureTests.CalculatorTests" name="Divide_ByZero_IsGuarded" />
    </UnitTest>
    <UnitTest name="FixtureTests.CalculatorTests.Add_ReturnsSum" storage="c:\users\dungtt3\appdata\local\temp\eaap-fixtures\trx\fixturetests\bin\debug\net10.0\fixturetests.dll" id="dbe9c683-9df5-5d90-dd3f-5d5816c84509">
      <Execution id="b50da54c-f0f6-4d84-8795-66ce9dbb0764" />
      <TestMethod codeBase="C:\Users\dungtt3\AppData\Local\Temp\eaap-fixtures\trx\FixtureTests\bin\Debug\net10.0\FixtureTests.dll" adapterTypeName="executor://xunit/VsTestRunner3/netcore/" className="FixtureTests.CalculatorTests" name="Add_ReturnsSum" />
    </UnitTest>
    <UnitTest name="FixtureTests.CalculatorTests.Round_HalfAwayFromZero" storage="c:\users\dungtt3\appdata\local\temp\eaap-fixtures\trx\fixturetests\bin\debug\net10.0\fixturetests.dll" id="939188f0-7b10-431a-5818-316f6dd9f9b8">
      <Execution id="57800fcc-e911-4b05-9bea-a8529a331cca" />
      <TestMethod codeBase="C:\Users\dungtt3\AppData\Local\Temp\eaap-fixtures\trx\FixtureTests\bin\Debug\net10.0\FixtureTests.dll" adapterTypeName="executor://xunit/VsTestRunner3/netcore/" className="FixtureTests.CalculatorTests" name="Round_HalfAwayFromZero" />
    </UnitTest>
  </TestDefinitions>
  <TestEntries>
    <TestEntry testId="15b430b4-f381-7d21-2b50-fe9f80e483c2" executionId="5965a8bc-abee-4e60-a781-fe9e63e749c3" testListId="8c84fa94-04c1-424b-9868-57a2d4851a1d" />
    <TestEntry testId="939188f0-7b10-431a-5818-316f6dd9f9b8" executionId="57800fcc-e911-4b05-9bea-a8529a331cca" testListId="8c84fa94-04c1-424b-9868-57a2d4851a1d" />
    <TestEntry testId="dbe9c683-9df5-5d90-dd3f-5d5816c84509" executionId="b50da54c-f0f6-4d84-8795-66ce9dbb0764" testListId="8c84fa94-04c1-424b-9868-57a2d4851a1d" />
  </TestEntries>
  <TestLists>
    <TestList name="Results Not in a List" id="8c84fa94-04c1-424b-9868-57a2d4851a1d" />
    <TestList name="All Loaded Results" id="19431567-8539-422a-85d7-44ee4e166bda" />
  </TestLists>
  <ResultSummary outcome="Failed">
    <Counters total="3" executed="2" passed="1" failed="1" error="0" timeout="0" aborted="0" inconclusive="0" passedButRunAborted="0" notRunnable="0" notExecuted="0" disconnected="0" warning="0" completed="0" inProgress="0" pending="0" />
    <Output>
      <StdOut>[xUnit.net 00:00:00.00] xUnit.net VSTest Adapter v3.1.4+50e68bbb8b (64-bit .NET 10.0.2)&#xD;
[xUnit.net 00:00:00.76]   Discovering: FixtureTests&#xD;
[xUnit.net 00:00:00.81]   Discovered:  FixtureTests&#xD;
[xUnit.net 00:00:00.83]   Starting:    FixtureTests&#xD;
[xUnit.net 00:00:00.85]       pending decision on rounding mode&#xD;
[xUnit.net 00:00:01.01]       Assert.Equal() Failure: Values differ&#xD;
[xUnit.net 00:00:01.01]       Expected: 3&#xD;
[xUnit.net 00:00:01.01]       Actual:   4&#xD;
[xUnit.net 00:00:01.01]       Stack Trace:&#xD;
[xUnit.net 00:00:01.01]         C:\Users\dungtt3\AppData\Local\Temp\eaap-fixtures\trx\FixtureTests\UnitTest1.cs(9,0): at FixtureTests.CalculatorTests.Divide_ByZero_IsGuarded()&#xD;
[xUnit.net 00:00:01.01]            at System.Reflection.MethodBaseInvoker.InterpretedInvoke_Method(Object obj, IntPtr* args)&#xD;
[xUnit.net 00:00:01.01]            at System.Reflection.MethodBaseInvoker.InvokeWithNoArgs(Object obj, BindingFlags invokeAttr)&#xD;
[xUnit.net 00:00:01.01]   Finished:    FixtureTests&#xD;
Test 'FixtureTests.CalculatorTests.Round_HalfAwayFromZero' was skipped in the test run.&#xD;
</StdOut>
    </Output>
    <RunInfos>
      <RunInfo computerName="TMS-DUNGTT3" outcome="Warning" timestamp="2026-07-23T18:06:25.8612987+07:00">
        <Text>[xUnit.net 00:00:00.85]     FixtureTests.CalculatorTests.Round_HalfAwayFromZero [SKIP]</Text>
      </RunInfo>
      <RunInfo computerName="TMS-DUNGTT3" outcome="Error" timestamp="2026-07-23T18:06:26.0144895+07:00">
        <Text>[xUnit.net 00:00:01.01]     FixtureTests.CalculatorTests.Divide_ByZero_IsGuarded [FAIL]</Text>
      </RunInfo>
    </RunInfos>
  </ResultSummary>
</TestRun>